{"H:\\01_code\\FE\\chlist\\src\\components\\List.vue": {"path":"H:\\01_code\\FE\\chlist\\src\\components\\List.vue","statementMap":{"0":{"start":{"line":2,"column":0},"end":{"line":null,"column":-1}},"1":{"start":{"line":3,"column":0},"end":{"line":null,"column":-1}},"2":{"start":{"line":16,"column":0},"end":{"line":null,"column":-1}},"3":{"start":{"line":17,"column":0},"end":{"line":null,"column":-1}},"4":{"start":{"line":18,"column":0},"end":{"line":null,"column":-1}},"5":{"start":{"line":23,"column":0},"end":{"line":29,"column":0}},"6":{"start":{"line":24,"column":0},"end":{"line":25,"column":0}},"7":{"start":{"line":30,"column":0},"end":{"line":36,"column":0}},"8":{"start":{"line":31,"column":0},"end":{"line":32,"column":0}},"9":{"start":{"line":37,"column":0},"end":{"line":null,"column":-1}},"10":{"start":{"line":46,"column":0},"end":{"line":50,"column":0}},"11":{"start":{"line":47,"column":0},"end":{"line":null,"column":-1}},"12":{"start":{"line":48,"column":0},"end":{"line":null,"column":-1}},"13":{"start":{"line":49,"column":0},"end":{"line":null,"column":-1}}},"fnMap":{"0":{"name":"(anonymous_1)","decl":{"start":{"line":15,"column":0},"end":{"line":null,"column":-1}},"loc":{"start":{"line":15,"column":0},"end":{"line":44,"column":0}}},"1":{"name":"(anonymous_2)","decl":{"start":{"line":23,"column":0},"end":{"line":null,"column":-1}},"loc":{"start":{"line":23,"column":0},"end":{"line":29,"column":0}}},"2":{"name":"(anonymous_3)","decl":{"start":{"line":30,"column":0},"end":{"line":null,"column":-1}},"loc":{"start":{"line":30,"column":0},"end":{"line":36,"column":0}}},"3":{"name":"(anonymous_4)","decl":{"start":{"line":46,"column":0},"end":{"line":null,"column":-1}},"loc":{"start":{"line":46,"column":0},"end":{"line":50,"column":0}}}},"branchMap":{"0":{"loc":{"start":{"line":18,"column":0},"end":{"line":null,"column":-1}},"type":"binary-expr","locations":[{"start":{"line":18,"column":0},"end":{"line":null,"column":-1}},{"start":{"line":18,"column":0},"end":{"line":null,"column":-1}}]},"1":{"loc":{"start":{"line":24,"column":0},"end":{"line":null,"column":-1}},"type":"binary-expr","locations":[{"start":{"line":24,"column":0},"end":{"line":null,"column":-1}},{"start":{"line":24,"column":0},"end":{"line":null,"column":-1}},{"start":{"line":24,"column":0},"end":{"line":25,"column":0}}]},"2":{"loc":{"start":{"line":25,"column":0},"end":{"line":null,"column":-1}},"type":"binary-expr","locations":[{"start":{"line":25,"column":0},"end":{"line":null,"column":-1}},{"start":{"line":25,"column":0},"end":{"line":null,"column":-1}}]},"3":{"loc":{"start":{"line":31,"column":0},"end":{"line":null,"column":-1}},"type":"binary-expr","locations":[{"start":{"line":31,"column":0},"end":{"line":null,"column":-1}},{"start":{"line":31,"column":0},"end":{"line":null,"column":-1}},{"start":{"line":31,"column":0},"end":{"line":32,"column":0}}]},"4":{"loc":{"start":{"line":32,"column":0},"end":{"line":null,"column":-1}},"type":"binary-expr","locations":[{"start":{"line":32,"column":0},"end":{"line":null,"column":-1}},{"start":{"line":32,"column":0},"end":{"line":null,"column":-1}}]}},"s":{"0":1,"1":1,"2":6,"3":6,"4":6,"5":6,"6":6,"7":6,"8":6,"9":6,"10":1,"11":0,"12":0,"13":0},"f":{"0":6,"1":6,"2":6,"3":0},"b":{"0":[12,2],"1":[6,5,2],"2":[2,1],"3":[6,5,1],"4":[1,0]}}
,"H:\\01_code\\FE\\chlist\\src\\components\\ListItem.vue": {"path":"H:\\01_code\\FE\\chlist\\src\\components\\ListItem.vue","statementMap":{"0":{"start":{"line":2,"column":0},"end":{"line":null,"column":-1}},"1":{"start":{"line":7,"column":0},"end":{"line":null,"column":-1}},"2":{"start":{"line":8,"column":0},"end":{"line":null,"column":-1}},"3":{"start":{"line":9,"column":0},"end":{"line":null,"column":-1}},"4":{"start":{"line":18,"column":0},"end":{"line":null,"column":-1}},"5":{"start":{"line":23,"column":0},"end":{"line":null,"column":-1}},"6":{"start":{"line":53,"column":0},"end":{"line":null,"column":-1}},"7":{"start":{"line":54,"column":0},"end":{"line":null,"column":-1}},"8":{"start":{"line":55,"column":0},"end":{"line":null,"column":-1}},"9":{"start":{"line":61,"column":0},"end":{"line":67,"column":0}},"10":{"start":{"line":62,"column":0},"end":{"line":63,"column":0}},"11":{"start":{"line":68,"column":0},"end":{"line":74,"column":0}},"12":{"start":{"line":69,"column":0},"end":{"line":70,"column":0}},"13":{"start":{"line":75,"column":0},"end":{"line":null,"column":-1}},"14":{"start":{"line":78,"column":0},"end":{"line":null,"column":-1}},"15":{"start":{"line":79,"column":0},"end":{"line":null,"column":-1}},"16":{"start":{"line":80,"column":0},"end":{"line":null,"column":-1}},"17":{"start":{"line":81,"column":0},"end":{"line":101,"column":0}},"18":{"start":{"line":85,"column":0},"end":{"line":null,"column":-1}},"19":{"start":{"line":89,"column":0},"end":{"line":null,"column":-1}},"20":{"start":{"line":92,"column":0},"end":{"line":null,"column":-1}},"21":{"start":{"line":104,"column":0},"end":{"line":null,"column":-1}},"22":{"start":{"line":111,"column":0},"end":{"line":null,"column":-1}}},"fnMap":{"0":{"name":"(anonymous_1)","decl":{"start":{"line":6,"column":0},"end":{"line":null,"column":-1}},"loc":{"start":{"line":6,"column":0},"end":{"line":29,"column":0}}},"1":{"name":"(anonymous_2)","decl":{"start":{"line":52,"column":0},"end":{"line":null,"column":-1}},"loc":{"start":{"line":52,"column":0},"end":{"line":121,"column":0}}},"2":{"name":"(anonymous_3)","decl":{"start":{"line":61,"column":0},"end":{"line":null,"column":-1}},"loc":{"start":{"line":61,"column":0},"end":{"line":67,"column":0}}},"3":{"name":"(anonymous_4)","decl":{"start":{"line":68,"column":0},"end":{"line":null,"column":-1}},"loc":{"start":{"line":68,"column":0},"end":{"line":74,"column":0}}},"4":{"name":"(anonymous_5)","decl":{"start":{"line":81,"column":0},"end":{"line":null,"column":-1}},"loc":{"start":{"line":81,"column":0},"end":{"line":86,"column":0}}},"5":{"name":"(anonymous_6)","decl":{"start":{"line":86,"column":0},"end":{"line":null,"column":-1}},"loc":{"start":{"line":86,"column":0},"end":{"line":101,"column":0}}},"6":{"name":"(anonymous_7)","decl":{"start":{"line":89,"column":0},"end":{"line":null,"column":-1}},"loc":{"start":{"line":89,"column":0},"end":{"line":94,"column":0}}}},"branchMap":{"0":{"loc":{"start":{"line":9,"column":0},"end":{"line":null,"column":-1}},"type":"binary-expr","locations":[{"start":{"line":9,"column":0},"end":{"line":null,"column":-1}},{"start":{"line":9,"column":0},"end":{"line":null,"column":-1}},{"start":{"line":9,"column":0},"end":{"line":null,"column":-1}}]},"1":{"loc":{"start":{"line":9,"column":0},"end":{"line":null,"column":-1}},"type":"binary-expr","locations":[{"start":{"line":9,"column":0},"end":{"line":null,"column":-1}},{"start":{"line":9,"column":0},"end":{"line":null,"column":-1}}]},"2":{"loc":{"start":{"line":18,"column":0},"end":{"line":null,"column":-1}},"type":"binary-expr","locations":[{"start":{"line":18,"column":0},"end":{"line":null,"column":-1}},{"start":{"line":18,"column":0},"end":{"line":null,"column":-1}},{"start":{"line":18,"column":0},"end":{"line":null,"column":-1}}]},"3":{"loc":{"start":{"line":18,"column":0},"end":{"line":null,"column":-1}},"type":"binary-expr","locations":[{"start":{"line":18,"column":0},"end":{"line":null,"column":-1}},{"start":{"line":18,"column":0},"end":{"line":null,"column":-1}}]},"4":{"loc":{"start":{"line":55,"column":0},"end":{"line":null,"column":-1}},"type":"binary-expr","locations":[{"start":{"line":55,"column":0},"end":{"line":null,"column":-1}},{"start":{"line":55,"column":0},"end":{"line":null,"column":-1}}]},"5":{"loc":{"start":{"line":62,"column":0},"end":{"line":null,"column":-1}},"type":"binary-expr","locations":[{"start":{"line":62,"column":0},"end":{"line":null,"column":-1}},{"start":{"line":62,"column":0},"end":{"line":null,"column":-1}},{"start":{"line":62,"column":0},"end":{"line":63,"column":0}}]},"6":{"loc":{"start":{"line":63,"column":0},"end":{"line":null,"column":-1}},"type":"binary-expr","locations":[{"start":{"line":63,"column":0},"end":{"line":null,"column":-1}},{"start":{"line":63,"column":0},"end":{"line":null,"column":-1}}]},"7":{"loc":{"start":{"line":69,"column":0},"end":{"line":null,"column":-1}},"type":"binary-expr","locations":[{"start":{"line":69,"column":0},"end":{"line":null,"column":-1}},{"start":{"line":69,"column":0},"end":{"line":null,"column":-1}},{"start":{"line":69,"column":0},"end":{"line":70,"column":0}}]},"8":{"loc":{"start":{"line":70,"column":0},"end":{"line":null,"column":-1}},"type":"binary-expr","locations":[{"start":{"line":70,"column":0},"end":{"line":null,"column":-1}},{"start":{"line":70,"column":0},"end":{"line":null,"column":-1}}]},"9":{"loc":{"start":{"line":75,"column":0},"end":{"line":null,"column":-1}},"type":"binary-expr","locations":[{"start":{"line":75,"column":0},"end":{"line":null,"column":-1}},{"start":{"line":75,"column":0},"end":{"line":null,"column":-1}},{"start":{"line":75,"column":0},"end":{"line":null,"column":-1}}]},"10":{"loc":{"start":{"line":75,"column":0},"end":{"line":null,"column":-1}},"type":"binary-expr","locations":[{"start":{"line":75,"column":0},"end":{"line":null,"column":-1}},{"start":{"line":75,"column":0},"end":{"line":null,"column":-1}}]},"11":{"loc":{"start":{"line":81,"column":0},"end":{"line":null,"column":-1}},"type":"binary-expr","locations":[{"start":{"line":81,"column":0},"end":{"line":null,"column":-1}},{"start":{"line":81,"column":0},"end":{"line":null,"column":-1}},{"start":{"line":81,"column":0},"end":{"line":101,"column":0}}]},"12":{"loc":{"start":{"line":81,"column":0},"end":{"line":null,"column":-1}},"type":"binary-expr","locations":[{"start":{"line":81,"column":0},"end":{"line":null,"column":-1}},{"start":{"line":81,"column":0},"end":{"line":86,"column":0}}]},"13":{"loc":{"start":{"line":86,"column":0},"end":{"line":null,"column":-1}},"type":"binary-expr","locations":[{"start":{"line":86,"column":0},"end":{"line":null,"column":-1}},{"start":{"line":86,"column":0},"end":{"line":101,"column":0}}]},"14":{"loc":{"start":{"line":92,"column":0},"end":{"line":null,"column":-1}},"type":"binary-expr","locations":[{"start":{"line":92,"column":0},"end":{"line":null,"column":-1}},{"start":{"line":92,"column":0},"end":{"line":null,"column":-1}}]},"15":{"loc":{"start":{"line":111,"column":0},"end":{"line":null,"column":-1}},"type":"binary-expr","locations":[{"start":{"line":111,"column":0},"end":{"line":null,"column":-1}},{"start":{"line":111,"column":0},"end":{"line":null,"column":-1}},{"start":{"line":111,"column":0},"end":{"line":null,"column":-1}}]},"16":{"loc":{"start":{"line":111,"column":0},"end":{"line":null,"column":-1}},"type":"binary-expr","locations":[{"start":{"line":111,"column":0},"end":{"line":null,"column":-1}},{"start":{"line":111,"column":0},"end":{"line":null,"column":-1}}]}},"s":{"0":2,"1":6,"2":6,"3":6,"4":6,"5":6,"6":19,"7":19,"8":19,"9":19,"10":19,"11":19,"12":19,"13":19,"14":19,"15":19,"16":19,"17":19,"18":4,"19":2,"20":1,"21":19,"22":19},"f":{"0":6,"1":19,"2":19,"3":19,"4":4,"5":2,"6":1},"b":{"0":[6,4,4],"1":[12,4],"2":[6,4,4],"3":[4,2],"4":[57,3],"5":[19,16,5],"6":[5,2],"7":[19,16,4],"8":[4,1],"9":[19,16,4],"10":[4,1],"11":[19,18,2],"12":[2,1],"13":[2,1],"14":[1,1],"15":[19,14,7],"16":[114,78]}}
}
