TN:
SF:H:\01_code\FE\chlist\src\components\List.vue
FN:15,(anonymous_1)
FN:23,(anonymous_2)
FN:30,(anonymous_3)
FN:46,(anonymous_4)
FNF:4
FNH:3
FNDA:6,(anonymous_1)
FNDA:6,(anonymous_2)
FNDA:6,(anonymous_3)
FNDA:0,(anonymous_4)
DA:2,1
DA:3,1
DA:16,6
DA:17,6
DA:18,6
DA:23,6
DA:24,6
DA:30,6
DA:31,6
DA:37,6
DA:46,1
DA:47,0
DA:48,0
DA:49,0
LF:14
LH:11
BRDA:18,0,0,12
BRDA:18,0,1,2
BRDA:24,1,0,6
BRDA:24,1,1,5
BRDA:24,1,2,2
BRDA:25,2,0,2
BRDA:25,2,1,1
BRDA:31,3,0,6
BRDA:31,3,1,5
BRDA:31,3,2,1
BRDA:32,4,0,1
BRDA:32,4,1,0
BRF:12
BRH:11
end_of_record
TN:
SF:H:\01_code\FE\chlist\src\components\ListItem.vue
FN:6,(anonymous_1)
FN:52,(anonymous_2)
FN:61,(anonymous_3)
FN:68,(anonymous_4)
FN:81,(anonymous_5)
FN:86,(anonymous_6)
FN:89,(anonymous_7)
FNF:7
FNH:7
FNDA:6,(anonymous_1)
FNDA:19,(anonymous_2)
FNDA:19,(anonymous_3)
FNDA:19,(anonymous_4)
FNDA:4,(anonymous_5)
FNDA:2,(anonymous_6)
FNDA:1,(anonymous_7)
DA:2,2
DA:7,6
DA:8,6
DA:9,6
DA:18,6
DA:23,6
DA:53,19
DA:54,19
DA:55,19
DA:61,19
DA:62,19
DA:68,19
DA:69,19
DA:75,19
DA:78,19
DA:79,19
DA:80,19
DA:81,19
DA:85,4
DA:89,2
DA:92,1
DA:104,19
DA:111,19
LF:23
LH:23
BRDA:9,0,0,6
BRDA:9,0,1,4
BRDA:9,0,2,4
BRDA:9,1,0,12
BRDA:9,1,1,4
BRDA:18,2,0,6
BRDA:18,2,1,4
BRDA:18,2,2,4
BRDA:18,3,0,4
BRDA:18,3,1,2
BRDA:55,4,0,57
BRDA:55,4,1,3
BRDA:62,5,0,19
BRDA:62,5,1,16
BRDA:62,5,2,5
BRDA:63,6,0,5
BRDA:63,6,1,2
BRDA:69,7,0,19
BRDA:69,7,1,16
BRDA:69,7,2,4
BRDA:70,8,0,4
BRDA:70,8,1,1
BRDA:75,9,0,19
BRDA:75,9,1,16
BRDA:75,9,2,4
BRDA:75,10,0,4
BRDA:75,10,1,1
BRDA:81,11,0,19
BRDA:81,11,1,18
BRDA:81,11,2,2
BRDA:81,12,0,2
BRDA:81,12,1,1
BRDA:86,13,0,2
BRDA:86,13,1,1
BRDA:92,14,0,1
BRDA:92,14,1,1
BRDA:111,15,0,19
BRDA:111,15,1,14
BRDA:111,15,2,7
BRDA:111,16,0,114
BRDA:111,16,1,78
BRF:41
BRH:41
end_of_record
